<?xml version="1.0" encoding="UTF-8"?>
<!-- Generated by org.testng.reporters.JUnitXMLReporter -->
<testsuite hostname="IN-SANGITASA" ignored="0" name="Test" tests="4" failures="0" timestamp="2020-10-09T00:57:04 IST" time="42.361" errors="0">
  <testcase name="clickOnSignin" time="4.866" classname="Product.ValidateMyStore"/>
  <testcase name="login" time="3.457" classname="Product.ValidateMyStore"/>
  <testcase name="ProductSelection" time="8.12" classname="Product.ValidateMyStore"/>
  <testcase name="productAddToCart" time="4.866" classname="Product.ValidateMyStore"/>
</testsuite> <!-- Test -->
