<?xml version="1.0" encoding="UTF-8"?><testrun name="TestRunner (1)" project="E2EProjectCucumber" tests="5" started="5" failures="0" errors="2" ignored="4">
  <testsuite name="cucumberOption.TestRunner" time="0.021">
    <testsuite name="Feature: Login into Application" time="0.021">
      <testsuite name="Scenario: Negative test validation login" time="0.007" incomplete="true">
        <error>java.lang.NullPointerException&#13;
	at resources.Base.initilizeDriver(Base.java:38)&#13;
	at stepDefinations.StepDefination.initialize_the_browser_with_chrome(StepDefination.java:31)&#13;
	at ✽.Given Initialize the browser with chrome(Login.feature:4)&#13;
&#13;
</error>
        <testcase name="Given Initialize the browser with chrome" classname="Scenario: Negative test validation login" time="0.006">
          <error>java.lang.NullPointerException&#13;
	at resources.Base.initilizeDriver(Base.java:38)&#13;
	at stepDefinations.StepDefination.initialize_the_browser_with_chrome(StepDefination.java:31)&#13;
	at ✽.Given Initialize the browser with chrome(Login.feature:4)&#13;
&#13;
</error>
        </testcase>
        <testcase name="And Navigate to &quot;http://qaclickacademy.com&quot; site" classname="Scenario: Negative test validation login" time="0.001" ignored="true"/>
        <testcase name="And Click on Login link in home page to land on Secure sign in page" classname="Scenario: Negative test validation login" time="0.002" ignored="true"/>
        <testcase name="When User enters &quot;test91@gmail.com&quot; and &quot;123456&quot; and logs in" classname="Scenario: Negative test validation login" time="0.001" ignored="true"/>
        <testcase name="Then Verify that user is not able to logged in" classname="Scenario: Negative test validation login" time="0.006" ignored="true"/>
      </testsuite>
    </testsuite>
  </testsuite>
</testrun>
