<?xml version="1.0" encoding="UTF-8"?>
<testng-results skipped="0" failed="0" ignored="0" total="3" passed="3">
  <reporter-output>
  </reporter-output>
  <suite name="Default suite" duration-ms="89" started-at="2021-02-26T00:29:47 IST" finished-at="2021-02-26T00:29:47 IST">
    <groups>
    </groups>
    <test name="Default test" duration-ms="89" started-at="2021-02-26T00:29:47 IST" finished-at="2021-02-26T00:29:47 IST">
      <class name="Test.Day2">
        <test-method status="PASS" signature="DefaultA()[pri:0, instance:Test.Day2@57536d79]" name="DefaultA" duration-ms="13" started-at="2021-02-26T00:29:47 IST" finished-at="2021-02-26T00:29:47 IST">
          <reporter-output>
          </reporter-output>
        </test-method> <!-- DefaultA -->
        <test-method status="PASS" signature="b_login()[pri:0, instance:Test.Day2@57536d79]" name="b_login" duration-ms="3" started-at="2021-02-26T00:29:47 IST" finished-at="2021-02-26T00:29:47 IST">
          <reporter-output>
          </reporter-output>
        </test-method> <!-- b_login -->
        <test-method status="PASS" signature="a_login()[pri:1, instance:Test.Day2@57536d79]" name="a_login" duration-ms="3" started-at="2021-02-26T00:29:47 IST" finished-at="2021-02-26T00:29:47 IST">
          <reporter-output>
          </reporter-output>
        </test-method> <!-- a_login -->
      </class> <!-- Test.Day2 -->
    </test> <!-- Default test -->
  </suite> <!-- Default suite -->
</testng-results>
