<?xml version="1.0" encoding="UTF-8"?>
<!-- Generated by org.testng.reporters.JUnitXMLReporter -->
<testsuite hostname="IN-SANGITASA" ignored="0" tests="0" failures="0" timestamp="2020-10-08T22:31:15 IST" time="0.02" errors="0">
  <testcase name="@BeforeTest initialize" time="0.013" classname="Academy.LandingPageValidation">
    <failure type="java.lang.NullPointerException">
      <![CDATA[java.lang.NullPointerException
at resources.Base.initilizeDriver(Base.java:38)
at Academy.LandingPageValidation.initialize(LandingPageValidation.java:27)
at java.util.concurrent.FutureTask.run(Unknown Source)
at java.util.concurrent.ThreadPoolExecutor.runWorker(Unknown Source)
at java.util.concurrent.ThreadPoolExecutor$Worker.run(Unknown Source)
at java.lang.Thread.run(Unknown Source)
... Removed 15 stack frames]]>
    </failure>
  </testcase> <!-- @BeforeTest initialize -->
</testsuite>
