<?xml version="1.0" encoding="UTF-8"?>
<!-- Generated by org.testng.reporters.JUnitXMLReporter -->
<testsuite hostname="IN-SANGITASA" ignored="0" name="HomePageOpen" tests="2" failures="0" timestamp="2020-10-08T22:31:16 IST" time="0.173" errors="0">
  <testcase name="@BeforeTest initialize" time="0.044" classname="Academy.HomePage">
    <failure type="java.lang.NullPointerException">
      <![CDATA[java.lang.NullPointerException
at resources.Base.initilizeDriver(Base.java:38)
at Academy.HomePage.initialize(HomePage.java:32)
at java.util.concurrent.FutureTask.run(Unknown Source)
at java.util.concurrent.ThreadPoolExecutor.runWorker(Unknown Source)
at java.util.concurrent.ThreadPoolExecutor$Worker.run(Unknown Source)
at java.lang.Thread.run(Unknown Source)
... Removed 15 stack frames]]>
    </failure>
  </testcase> <!-- @BeforeTest initialize -->
  <testcase name="@AfterTest tearDown" time="-1.60217647606E9" classname="Academy.HomePage">
    <skipped/>
  </testcase> <!-- @AfterTest tearDown -->
  <testcase name="HomePageOpen" time="0.0" classname="Academy.HomePage">
    <skipped/>
  </testcase> <!-- HomePageOpen -->
  <testcase name="HomePageOpen" time="0.0" classname="Academy.HomePage">
    <skipped/>
  </testcase> <!-- HomePageOpen -->
</testsuite> <!-- HomePageOpen -->
