<?xml version="1.0" encoding="UTF-8"?>
<!-- Generated by org.testng.reporters.JUnitXMLReporter -->
<testsuite hostname="IN-SANGITASA" ignored="0" name="Test" tests="4" failures="0" timestamp="2020-10-04T12:14:19 IST" time="52.815" errors="0">
  <testcase name="NavBarValidation" time="0.735" classname="Academy.ValidateNavigationBar"/>
  <testcase name="titleValidation" time="0.316" classname="Academy.ValidateTitle"/>
  <testcase name="HomePageOpen" time="6.994" classname="Academy.HomePage"/>
  <testcase name="HomePageOpen" time="10.647" classname="Academy.HomePage"/>
</testsuite> <!-- Test -->
