<?xml version="1.0" encoding="UTF-8"?>
<testng-results skipped="0" failed="0" ignored="0" total="4" passed="4">
  <reporter-output>
  </reporter-output>
  <suite name="Suite" duration-ms="36490" started-at="2020-10-09T01:01:48 IST" finished-at="2020-10-09T01:02:25 IST">
    <groups>
    </groups>
    <test name="Test" duration-ms="36490" started-at="2020-10-09T01:01:48 IST" finished-at="2020-10-09T01:02:25 IST">
      <class name="Product.ValidateMyStore">
        <test-method status="PASS" signature="initialize()[pri:0, instance:Product.ValidateMyStore@5136d012]" name="initialize" is-config="true" duration-ms="17053" started-at="2020-10-09T01:01:48 IST" finished-at="2020-10-09T01:02:05 IST">
          <reporter-output>
          </reporter-output>
        </test-method> <!-- initialize -->
        <test-method status="PASS" signature="clickOnSignin()[pri:0, instance:Product.ValidateMyStore@5136d012]" name="clickOnSignin" duration-ms="3395" started-at="2020-10-09T01:02:05 IST" finished-at="2020-10-09T01:02:09 IST">
          <reporter-output>
          </reporter-output>
        </test-method> <!-- clickOnSignin -->
        <test-method status="PASS" signature="login()[pri:1, instance:Product.ValidateMyStore@5136d012]" name="login" duration-ms="3336" started-at="2020-10-09T01:02:09 IST" finished-at="2020-10-09T01:02:12 IST">
          <reporter-output>
          </reporter-output>
        </test-method> <!-- login -->
        <test-method status="PASS" signature="ProductSelection()[pri:2, instance:Product.ValidateMyStore@5136d012]" name="ProductSelection" duration-ms="7732" started-at="2020-10-09T01:02:12 IST" finished-at="2020-10-09T01:02:20 IST">
          <reporter-output>
          </reporter-output>
        </test-method> <!-- ProductSelection -->
        <test-method status="PASS" signature="productAddToCart()[pri:3, instance:Product.ValidateMyStore@5136d012]" name="productAddToCart" duration-ms="4434" started-at="2020-10-09T01:02:20 IST" finished-at="2020-10-09T01:02:24 IST">
          <reporter-output>
          </reporter-output>
        </test-method> <!-- productAddToCart -->
        <test-method status="PASS" signature="tearDown()[pri:0, instance:Product.ValidateMyStore@5136d012]" name="tearDown" is-config="true" duration-ms="470" started-at="2020-10-09T01:02:24 IST" finished-at="2020-10-09T01:02:25 IST">
          <reporter-output>
          </reporter-output>
        </test-method> <!-- tearDown -->
      </class> <!-- Product.ValidateMyStore -->
    </test> <!-- Test -->
  </suite> <!-- Suite -->
</testng-results>
