<?xml version="1.0" encoding="UTF-8"?>
<!-- Generated by org.testng.reporters.JUnitXMLReporter -->
<testsuite hostname="IN-SANGITASA" ignored="0" name="LandingPageValidation" tests="2" failures="1" timestamp="2020-10-06T21:14:35 IST" time="32.645" errors="0">
  <testcase name="NavBarValidation" time="1.846" classname="Academy.LandingPageValidation"/>
  <testcase name="titleValidation" time="0.964" classname="Academy.LandingPageValidation">
    <failure type="java.lang.AssertionError" message="expected [FEATURED COURSES111] but found [FEATURED COURSES]">
      <![CDATA[java.lang.AssertionError: expected [FEATURED COURSES111] but found [FEATURED COURSES]
at Academy.LandingPageValidation.titleValidation(LandingPageValidation.java:47)
at java.util.ArrayList.forEach(ArrayList.java:1257)
at java.util.concurrent.FutureTask.run(FutureTask.java:266)
at java.util.concurrent.ThreadPoolExecutor.runWorker(ThreadPoolExecutor.java:1149)
at java.util.concurrent.ThreadPoolExecutor$Worker.run(ThreadPoolExecutor.java:624)
at java.lang.Thread.run(Thread.java:748)
... Removed 24 stack frames]]>
    </failure>
  </testcase> <!-- titleValidation -->
</testsuite> <!-- LandingPageValidation -->
