<?xml version="1.0" encoding="UTF-8"?>
<!-- Generated by org.testng.reporters.JUnitXMLReporter -->
<testsuite hostname="IN-SANGITASA" ignored="0" name="Test" tests="4" failures="0" timestamp="2020-10-04T12:16:14 IST" time="50.427" errors="0">
  <testcase name="NavBarValidation" time="0.38" classname="Academy.ValidateNavigationBar"/>
  <testcase name="titleValidation" time="0.143" classname="Academy.ValidateTitle"/>
  <testcase name="HomePageOpen" time="7.922" classname="Academy.HomePage"/>
  <testcase name="HomePageOpen" time="5.01" classname="Academy.HomePage"/>
</testsuite> <!-- Test -->
