<?xml version="1.0" encoding="UTF-8"?>
<testng-results skipped="0" failed="0" ignored="0" total="1" passed="1">
  <reporter-output>
  </reporter-output>
  <suite name="Suite" duration-ms="52298" started-at="2020-10-12T01:24:12 IST" finished-at="2020-10-12T01:25:04 IST">
    <groups>
      <group name="cucumber">
        <method signature="AbstractTestNGCucumberTests.feature(cucumber.api.testng.CucumberFeatureWrapper)[pri:0, instance:cucumberOption.TestRunner@48a242ce]" name="feature" class="cucumber.api.testng.AbstractTestNGCucumberTests"/>
      </group> <!-- cucumber -->
    </groups>
    <test name="HomePageOpen" duration-ms="52298" started-at="2020-10-12T01:24:12 IST" finished-at="2020-10-12T01:25:04 IST">
      <class name="cucumberOption.TestRunner">
        <test-method status="PASS" signature="setUpClass()[pri:0, instance:cucumberOption.TestRunner@48a242ce]" name="setUpClass" is-config="true" duration-ms="730" started-at="2020-10-12T01:24:12 IST" finished-at="2020-10-12T01:24:12 IST">
          <reporter-output>
          </reporter-output>
        </test-method> <!-- setUpClass -->
        <test-method status="PASS" signature="feature(cucumber.api.testng.CucumberFeatureWrapper)[pri:0, instance:cucumberOption.TestRunner@48a242ce]" name="feature" duration-ms="51198" started-at="2020-10-12T01:24:13 IST" description="Runs Cucumber Feature" data-provider="features" finished-at="2020-10-12T01:25:04 IST">
          <params>
            <param index="0">
              <value>
                <![CDATA[Login into Application]]>
              </value>
            </param>
          </params>
          <reporter-output>
          </reporter-output>
        </test-method> <!-- feature -->
        <test-method status="PASS" signature="tearDownClass()[pri:0, instance:cucumberOption.TestRunner@48a242ce]" name="tearDownClass" is-config="true" duration-ms="14" started-at="2020-10-12T01:25:04 IST" finished-at="2020-10-12T01:25:04 IST">
          <reporter-output>
          </reporter-output>
        </test-method> <!-- tearDownClass -->
      </class> <!-- cucumberOption.TestRunner -->
    </test> <!-- HomePageOpen -->
  </suite> <!-- Suite -->
</testng-results>
