<?xml version="1.0" encoding="UTF-8"?>
<testng-results skipped="0" failed="0" ignored="0" total="2" passed="2">
  <reporter-output>
  </reporter-output>
  <suite name="Suite" duration-ms="69" started-at="2020-10-06T13:57:10 IST" finished-at="2020-10-06T13:57:10 IST">
    <groups>
    </groups>
    <test name="Test" duration-ms="69" started-at="2020-10-06T13:57:10 IST" finished-at="2020-10-06T13:57:10 IST">
      <class name="qaclickacademy.Mavenjava.SleniumTest">
        <test-method status="PASS" signature="login()[pri:0, instance:qaclickacademy.Mavenjava.SleniumTest@2d8f65a4]" name="login" duration-ms="10" started-at="2020-10-06T13:57:10 IST" finished-at="2020-10-06T13:57:10 IST">
          <reporter-output>
          </reporter-output>
        </test-method> <!-- login -->
        <test-method status="PASS" signature="logout()[pri:0, instance:qaclickacademy.Mavenjava.SleniumTest@2d8f65a4]" name="logout" duration-ms="3" started-at="2020-10-06T13:57:10 IST" finished-at="2020-10-06T13:57:10 IST">
          <reporter-output>
          </reporter-output>
        </test-method> <!-- logout -->
      </class> <!-- qaclickacademy.Mavenjava.SleniumTest -->
    </test> <!-- Test -->
  </suite> <!-- Suite -->
</testng-results>
