<?xml version="1.0" encoding="UTF-8"?>
<!-- Generated by org.testng.reporters.JUnitXMLReporter -->
<testsuite hostname="IN-SANGITASA" ignored="0" name="Test" tests="4" failures="0" timestamp="2020-10-09T01:02:25 IST" time="36.49" errors="0">
  <testcase name="clickOnSignin" time="3.395" classname="Product.ValidateMyStore"/>
  <testcase name="login" time="3.336" classname="Product.ValidateMyStore"/>
  <testcase name="ProductSelection" time="7.732" classname="Product.ValidateMyStore"/>
  <testcase name="productAddToCart" time="4.434" classname="Product.ValidateMyStore"/>
</testsuite> <!-- Test -->
